<?xml version="1.0" encoding="UTF-8"?>
<testsuite xmlns:xsi="http://www.w3.org/2001/XMLSchema-instance" xsi:noNamespaceSchemaLocation="https://maven.apache.org/surefire/maven-surefire-plugin/xsd/surefire-test-report-3.0.xsd" version="3.0" name="ru.praktikum.tests.CreateOrderTests" time="7.091" tests="4" errors="0" skipped="0" failures="1">
  <properties>
[...]
</properties>
  <testcase name="createOrderWithAuthAndIngredientsIsSuccess" classname="ru.praktikum.tests.CreateOrderTests" time="3.253">
    <system-out><![CDATA[Ответ от API (список ингредиентов): {"success":true,"data":[{"_id":"61c0c5a71d1f82001bdaaa6d","name":"Флюоресцентная булка R2-D3","type":"bun","proteins":44,"fat":26,"carbohydrates":85,"calories":643,"price":988,"image":"https://code.s3.yandex.net/react/code/bun-01.png","image_mobile":"https://code.s3.yandex.net/react/code/bun-01-mobile.png","image_large":"https://code.s3.yandex.net/react/code/bun-01-large.png","__v":0},{"_id":"61c0c5a71d1f82001bdaaa6f","name":"Мясо бессмертных моллюсков Protostomia","type":"main","proteins":433,"fat":244,"carbohydrates":33,"calories":420,"price":1337,"image":"https://code.s3.yandex.net/react/code/meat-02.png","image_mobile":"https://code.s3.yandex.net/react/code/meat-02-mobile.png","image_large":"https://code.s3.yandex.net/react/code/meat-02-large.png","__v":0},{"_id":"61c0c5a71d1f82001bdaaa70","name":"Говяжий метеорит (отбивная)","type":"main","proteins":800,"fat":800,"carbohydrates":300,"calories":2674,"price":3000,"image":"https://code.s3.yandex.net/react/code/meat-04.png","image_mobile":"https://code.s3.yandex.net/react/code/meat-04-mobile.png","image_large":"https://code.s3.yandex.net/react/code/meat-04-large.png","__v":0},{"_id":"61c0c5a71d1f82001bdaaa71","name":"Биокотлета из марсианской Магнолии","type":"main","proteins":420,"fat":142,"carbohydrates":242,"calories":4242,"price":424,"image":"https://code.s3.yandex.net/react/code/meat-01.png","image_mobile":"https://code.s3.yandex.net/react/code/meat-01-mobile.png","image_large":"https://code.s3.yandex.net/react/code/meat-01-large.png","__v":0},{"_id":"61c0c5a71d1f82001bdaaa72","name":"Соус Spicy-X","type":"sauce","proteins":30,"fat":20,"carbohydrates":40,"calories":30,"price":90,"image":"https://code.s3.yandex.net/react/code/sauce-02.png","image_mobile":"https://code.s3.yandex.net/react/code/sauce-02-mobile.png","image_large":"https://code.s3.yandex.net/react/code/sauce-02-large.png","__v":0},{"_id":"61c0c5a71d1f82001bdaaa6e","name":"Филе Люминесцентного тетраодонтимформа","type":"main","proteins":44,"fat":26,"carbohydrates":85,"calories":643,"price":988,"image":"https://code.s3.yandex.net/react/code/meat-03.png","image_mobile":"https://code.s3.yandex.net/react/code/meat-03-mobile.png","image_large":"https://code.s3.yandex.net/react/code/meat-03-large.png","__v":0},{"_id":"61c0c5a71d1f82001bdaaa73","name":"Соус фирменный Space Sauce","type":"sauce","proteins":50,"fat":22,"carbohydrates":11,"calories":14,"price":80,"image":"https://code.s3.yandex.net/react/code/sauce-04.png","image_mobile":"https://code.s3.yandex.net/react/code/sauce-04-mobile.png","image_large":"https://code.s3.yandex.net/react/code/sauce-04-large.png","__v":0},{"_id":"61c0c5a71d1f82001bdaaa74","name":"Соус традиционный галактический","type":"sauce","proteins":42,"fat":24,"carbohydrates":42,"calories":99,"price":15,"image":"https://code.s3.yandex.net/react/code/sauce-03.png","image_mobile":"https://code.s3.yandex.net/react/code/sauce-03-mobile.png","image_large":"https://code.s3.yandex.net/react/code/sauce-03-large.png","__v":0},{"_id":"61c0c5a71d1f82001bdaaa6c","name":"Краторная булка N-200i","type":"bun","proteins":80,"fat":24,"carbohydrates":53,"calories":420,"price":1255,"image":"https://code.s3.yandex.net/react/code/bun-02.png","image_mobile":"https://code.s3.yandex.net/react/code/bun-02-mobile.png","image_large":"https://code.s3.yandex.net/react/code/bun-02-large.png","__v":0},{"_id":"61c0c5a71d1f82001bdaaa75","name":"Соус с шипами Антарианского плоскоходца","type":"sauce","proteins":101,"fat":99,"carbohydrates":100,"calories":100,"price":88,"image":"https://code.s3.yandex.net/react/code/sauce-01.png","image_mobile":"https://code.s3.yandex.net/react/code/sauce-01-mobile.png","image_large":"https://code.s3.yandex.net/react/code/sauce-01-large.png","__v":0},{"_id":"61c0c5a71d1f82001bdaaa76","name":"Хрустящие минеральные кольца","type":"main","proteins":808,"fat":689,"carbohydrates":609,"calories":986,"price":300,"image":"https://code.s3.yandex.net/react/code/mineral_rings.png","image_mobile":"https://code.s3.yandex.net/react/code/mineral_rings-mobile.png","image_large":"https://code.s3.yandex.net/react/code/mineral_rings-large.png","__v":0},{"_id":"61c0c5a71d1f82001bdaaa77","name":"Плоды Фалленианского дерева","type":"main","proteins":20,"fat":5,"carbohydrates":55,"calories":77,"price":874,"image":"https://code.s3.yandex.net/react/code/sp_1.png","image_mobile":"https://code.s3.yandex.net/react/code/sp_1-mobile.png","image_large":"https://code.s3.yandex.net/react/code/sp_1-large.png","__v":0},{"_id":"61c0c5a71d1f82001bdaaa78","name":"Кристаллы марсианских альфа-сахаридов","type":"main","proteins":234,"fat":432,"carbohydrates":111,"calories":189,"price":762,"image":"https://code.s3.yandex.net/react/code/core.png","image_mobile":"https://code.s3.yandex.net/react/code/core-mobile.png","image_large":"https://code.s3.yandex.net/react/code/core-large.png","__v":0},{"_id":"61c0c5a71d1f82001bdaaa79","name":"Мини-салат Экзо-Плантаго","type":"main","proteins":1,"fat":2,"carbohydrates":3,"calories":6,"price":4400,"image":"https://code.s3.yandex.net/react/code/salad.png","image_mobile":"https://code.s3.yandex.net/react/code/salad-mobile.png","image_large":"https://code.s3.yandex.net/react/code/salad-large.png","__v":0},{"_id":"61c0c5a71d1f82001bdaaa7a","name":"Сыр с астероидной плесенью","type":"main","proteins":84,"fat":48,"carbohydrates":420,"calories":3377,"price":4142,"image":"https://code.s3.yandex.net/react/code/cheese.png","image_mobile":"https://code.s3.yandex.net/react/code/cheese-mobile.png","image_large":"https://code.s3.yandex.net/react/code/cheese-large.png","__v":0}]}
Полученные ингредиенты: [ru.praktikum.request.entities.Ingredient@694c0ed1, ru.praktikum.request.entities.Ingredient@118f2486, ru.praktikum.request.entities.Ingredient@4d071e4b, ru.praktikum.request.entities.Ingredient@2b441609, ru.praktikum.request.entities.Ingredient@22f7bf36, ru.praktikum.request.entities.Ingredient@4a3404fa, ru.praktikum.request.entities.Ingredient@3fb4beb1, ru.praktikum.request.entities.Ingredient@34cb1310, ru.praktikum.request.entities.Ingredient@2b5a04b0, ru.praktikum.request.entities.Ingredient@41a3c6f5, ru.praktikum.request.entities.Ingredient@5b78a946, ru.praktikum.request.entities.Ingredient@37c762aa, ru.praktikum.request.entities.Ingredient@4c438f66, ru.praktikum.request.entities.Ingredient@13087c75, ru.praktikum.request.entities.Ingredient@da4c5cb]
Ингредиент: 61c0c5a71d1f82001bdaaa6d, Флюоресцентная булка R2-D3
Ингредиент: 61c0c5a71d1f82001bdaaa6f, Мясо бессмертных моллюсков Protostomia
Ингредиент: 61c0c5a71d1f82001bdaaa70, Говяжий метеорит (отбивная)
Ингредиент: 61c0c5a71d1f82001bdaaa71, Биокотлета из марсианской Магнолии
Ингредиент: 61c0c5a71d1f82001bdaaa72, Соус Spicy-X
Ингредиент: 61c0c5a71d1f82001bdaaa6e, Филе Люминесцентного тетраодонтимформа
Ингредиент: 61c0c5a71d1f82001bdaaa73, Соус фирменный Space Sauce
Ингредиент: 61c0c5a71d1f82001bdaaa74, Соус традиционный галактический
Ингредиент: 61c0c5a71d1f82001bdaaa6c, Краторная булка N-200i
Ингредиент: 61c0c5a71d1f82001bdaaa75, Соус с шипами Антарианского плоскоходца
Ингредиент: 61c0c5a71d1f82001bdaaa76, Хрустящие минеральные кольца
Ингредиент: 61c0c5a71d1f82001bdaaa77, Плоды Фалленианского дерева
Ингредиент: 61c0c5a71d1f82001bdaaa78, Кристаллы марсианских альфа-сахаридов
Ингредиент: 61c0c5a71d1f82001bdaaa79, Мини-салат Экзо-Плантаго
Ингредиент: 61c0c5a71d1f82001bdaaa7a, Сыр с астероидной плесенью
]]></system-out>
  </testcase>
  <testcase name="createOrderWithAuthAndIncorrectIngredientsIsFailed" classname="ru.praktikum.tests.CreateOrderTests" time="1.322">
    <system-out><![CDATA[Ответ от API (список ингредиентов): {"success":true,"data":[{"_id":"61c0c5a71d1f82001bdaaa6d","name":"Флюоресцентная булка R2-D3","type":"bun","proteins":44,"fat":26,"carbohydrates":85,"calories":643,"price":988,"image":"https://code.s3.yandex.net/react/code/bun-01.png","image_mobile":"https://code.s3.yandex.net/react/code/bun-01-mobile.png","image_large":"https://code.s3.yandex.net/react/code/bun-01-large.png","__v":0},{"_id":"61c0c5a71d1f82001bdaaa6f","name":"Мясо бессмертных моллюсков Protostomia","type":"main","proteins":433,"fat":244,"carbohydrates":33,"calories":420,"price":1337,"image":"https://code.s3.yandex.net/react/code/meat-02.png","image_mobile":"https://code.s3.yandex.net/react/code/meat-02-mobile.png","image_large":"https://code.s3.yandex.net/react/code/meat-02-large.png","__v":0},{"_id":"61c0c5a71d1f82001bdaaa70","name":"Говяжий метеорит (отбивная)","type":"main","proteins":800,"fat":800,"carbohydrates":300,"calories":2674,"price":3000,"image":"https://code.s3.yandex.net/react/code/meat-04.png","image_mobile":"https://code.s3.yandex.net/react/code/meat-04-mobile.png","image_large":"https://code.s3.yandex.net/react/code/meat-04-large.png","__v":0},{"_id":"61c0c5a71d1f82001bdaaa71","name":"Биокотлета из марсианской Магнолии","type":"main","proteins":420,"fat":142,"carbohydrates":242,"calories":4242,"price":424,"image":"https://code.s3.yandex.net/react/code/meat-01.png","image_mobile":"https://code.s3.yandex.net/react/code/meat-01-mobile.png","image_large":"https://code.s3.yandex.net/react/code/meat-01-large.png","__v":0},{"_id":"61c0c5a71d1f82001bdaaa72","name":"Соус Spicy-X","type":"sauce","proteins":30,"fat":20,"carbohydrates":40,"calories":30,"price":90,"image":"https://code.s3.yandex.net/react/code/sauce-02.png","image_mobile":"https://code.s3.yandex.net/react/code/sauce-02-mobile.png","image_large":"https://code.s3.yandex.net/react/code/sauce-02-large.png","__v":0},{"_id":"61c0c5a71d1f82001bdaaa6e","name":"Филе Люминесцентного тетраодонтимформа","type":"main","proteins":44,"fat":26,"carbohydrates":85,"calories":643,"price":988,"image":"https://code.s3.yandex.net/react/code/meat-03.png","image_mobile":"https://code.s3.yandex.net/react/code/meat-03-mobile.png","image_large":"https://code.s3.yandex.net/react/code/meat-03-large.png","__v":0},{"_id":"61c0c5a71d1f82001bdaaa73","name":"Соус фирменный Space Sauce","type":"sauce","proteins":50,"fat":22,"carbohydrates":11,"calories":14,"price":80,"image":"https://code.s3.yandex.net/react/code/sauce-04.png","image_mobile":"https://code.s3.yandex.net/react/code/sauce-04-mobile.png","image_large":"https://code.s3.yandex.net/react/code/sauce-04-large.png","__v":0},{"_id":"61c0c5a71d1f82001bdaaa74","name":"Соус традиционный галактический","type":"sauce","proteins":42,"fat":24,"carbohydrates":42,"calories":99,"price":15,"image":"https://code.s3.yandex.net/react/code/sauce-03.png","image_mobile":"https://code.s3.yandex.net/react/code/sauce-03-mobile.png","image_large":"https://code.s3.yandex.net/react/code/sauce-03-large.png","__v":0},{"_id":"61c0c5a71d1f82001bdaaa6c","name":"Краторная булка N-200i","type":"bun","proteins":80,"fat":24,"carbohydrates":53,"calories":420,"price":1255,"image":"https://code.s3.yandex.net/react/code/bun-02.png","image_mobile":"https://code.s3.yandex.net/react/code/bun-02-mobile.png","image_large":"https://code.s3.yandex.net/react/code/bun-02-large.png","__v":0},{"_id":"61c0c5a71d1f82001bdaaa75","name":"Соус с шипами Антарианского плоскоходца","type":"sauce","proteins":101,"fat":99,"carbohydrates":100,"calories":100,"price":88,"image":"https://code.s3.yandex.net/react/code/sauce-01.png","image_mobile":"https://code.s3.yandex.net/react/code/sauce-01-mobile.png","image_large":"https://code.s3.yandex.net/react/code/sauce-01-large.png","__v":0},{"_id":"61c0c5a71d1f82001bdaaa76","name":"Хрустящие минеральные кольца","type":"main","proteins":808,"fat":689,"carbohydrates":609,"calories":986,"price":300,"image":"https://code.s3.yandex.net/react/code/mineral_rings.png","image_mobile":"https://code.s3.yandex.net/react/code/mineral_rings-mobile.png","image_large":"https://code.s3.yandex.net/react/code/mineral_rings-large.png","__v":0},{"_id":"61c0c5a71d1f82001bdaaa77","name":"Плоды Фалленианского дерева","type":"main","proteins":20,"fat":5,"carbohydrates":55,"calories":77,"price":874,"image":"https://code.s3.yandex.net/react/code/sp_1.png","image_mobile":"https://code.s3.yandex.net/react/code/sp_1-mobile.png","image_large":"https://code.s3.yandex.net/react/code/sp_1-large.png","__v":0},{"_id":"61c0c5a71d1f82001bdaaa78","name":"Кристаллы марсианских альфа-сахаридов","type":"main","proteins":234,"fat":432,"carbohydrates":111,"calories":189,"price":762,"image":"https://code.s3.yandex.net/react/code/core.png","image_mobile":"https://code.s3.yandex.net/react/code/core-mobile.png","image_large":"https://code.s3.yandex.net/react/code/core-large.png","__v":0},{"_id":"61c0c5a71d1f82001bdaaa79","name":"Мини-салат Экзо-Плантаго","type":"main","proteins":1,"fat":2,"carbohydrates":3,"calories":6,"price":4400,"image":"https://code.s3.yandex.net/react/code/salad.png","image_mobile":"https://code.s3.yandex.net/react/code/salad-mobile.png","image_large":"https://code.s3.yandex.net/react/code/salad-large.png","__v":0},{"_id":"61c0c5a71d1f82001bdaaa7a","name":"Сыр с астероидной плесенью","type":"main","proteins":84,"fat":48,"carbohydrates":420,"calories":3377,"price":4142,"image":"https://code.s3.yandex.net/react/code/cheese.png","image_mobile":"https://code.s3.yandex.net/react/code/cheese-mobile.png","image_large":"https://code.s3.yandex.net/react/code/cheese-large.png","__v":0}]}
Полученные ингредиенты: [ru.praktikum.request.entities.Ingredient@2262bc86, ru.praktikum.request.entities.Ingredient@3872867d, ru.praktikum.request.entities.Ingredient@4f72078d, ru.praktikum.request.entities.Ingredient@2e4d252, ru.praktikum.request.entities.Ingredient@3555d804, ru.praktikum.request.entities.Ingredient@19b8f1bd, ru.praktikum.request.entities.Ingredient@46a9c368, ru.praktikum.request.entities.Ingredient@62fbefad, ru.praktikum.request.entities.Ingredient@79f59e0e, ru.praktikum.request.entities.Ingredient@279ebd94, ru.praktikum.request.entities.Ingredient@2fa4888c, ru.praktikum.request.entities.Ingredient@121f9c52, ru.praktikum.request.entities.Ingredient@47cf65f1, ru.praktikum.request.entities.Ingredient@156f0281, ru.praktikum.request.entities.Ingredient@1e041848]
Ингредиент: 61c0c5a71d1f82001bdaaa6d, Флюоресцентная булка R2-D3
Ингредиент: 61c0c5a71d1f82001bdaaa6f, Мясо бессмертных моллюсков Protostomia
Ингредиент: 61c0c5a71d1f82001bdaaa70, Говяжий метеорит (отбивная)
Ингредиент: 61c0c5a71d1f82001bdaaa71, Биокотлета из марсианской Магнолии
Ингредиент: 61c0c5a71d1f82001bdaaa72, Соус Spicy-X
Ингредиент: 61c0c5a71d1f82001bdaaa6e, Филе Люминесцентного тетраодонтимформа
Ингредиент: 61c0c5a71d1f82001bdaaa73, Соус фирменный Space Sauce
Ингредиент: 61c0c5a71d1f82001bdaaa74, Соус традиционный галактический
Ингредиент: 61c0c5a71d1f82001bdaaa6c, Краторная булка N-200i
Ингредиент: 61c0c5a71d1f82001bdaaa75, Соус с шипами Антарианского плоскоходца
Ингредиент: 61c0c5a71d1f82001bdaaa76, Хрустящие минеральные кольца
Ингредиент: 61c0c5a71d1f82001bdaaa77, Плоды Фалленианского дерева
Ингредиент: 61c0c5a71d1f82001bdaaa78, Кристаллы марсианских альфа-сахаридов
Ингредиент: 61c0c5a71d1f82001bdaaa79, Мини-салат Экзо-Плантаго
Ингредиент: 61c0c5a71d1f82001bdaaa7a, Сыр с астероидной плесенью
]]></system-out>
  </testcase>
  <testcase name="createOrderWithoutAuthAndWithIngredientsIsFailed" classname="ru.praktikum.tests.CreateOrderTests" time="1.254">
    <failure message="1 expectation failed.&#10;Expected status code &lt;400&gt; but was &lt;200&gt;.&#10;" type="java.lang.AssertionError"><![CDATA[java.lang.AssertionError: 
1 expectation failed.
Expected status code <400> but was <200>.

	at java.base/jdk.internal.reflect.NativeConstructorAccessorImpl.newInstance0(Native Method)
	at java.base/jdk.internal.reflect.NativeConstructorAccessorImpl.newInstance(NativeConstructorAccessorImpl.java:62)
	at java.base/jdk.internal.reflect.DelegatingConstructorAccessorImpl.newInstance(DelegatingConstructorAccessorImpl.java:45)
	at java.base/java.lang.reflect.Constructor.newInstance(Constructor.java:490)
	at org.codehaus.groovy.reflection.CachedConstructor.invoke(CachedConstructor.java:73)
	at org.codehaus.groovy.reflection.CachedConstructor.doConstructorInvoke(CachedConstructor.java:60)
	at org.codehaus.groovy.runtime.callsite.ConstructorSite$ConstructorSiteNoUnwrap.callConstructor(ConstructorSite.java:86)
	at org.codehaus.groovy.runtime.callsite.CallSiteArray.defaultCallConstructor(CallSiteArray.java:57)
	at org.codehaus.groovy.runtime.callsite.AbstractCallSite.callConstructor(AbstractCallSite.java:263)
	at org.codehaus.groovy.runtime.callsite.AbstractCallSite.callConstructor(AbstractCallSite.java:277)
	at io.restassured.internal.ResponseSpecificationImpl$HamcrestAssertionClosure.validate(ResponseSpecificationImpl.groovy:512)
	at io.restassured.internal.ResponseSpecificationImpl$HamcrestAssertionClosure$validate$1.call(Unknown Source)
	at io.restassured.internal.ResponseSpecificationImpl.validateResponseIfRequired(ResponseSpecificationImpl.groovy:696)
	at io.restassured.internal.ResponseSpecificationImpl.this$2$validateResponseIfRequired(ResponseSpecificationImpl.groovy)
	at jdk.internal.reflect.GeneratedMethodAccessor171.invoke(Unknown Source)
	at java.base/jdk.internal.reflect.DelegatingMethodAccessorImpl.invoke(DelegatingMethodAccessorImpl.java:43)
	at java.base/java.lang.reflect.Method.invoke(Method.java:566)
	at org.codehaus.groovy.runtime.callsite.PlainObjectMetaMethodSite.doInvoke(PlainObjectMetaMethodSite.java:43)
	at org.codehaus.groovy.runtime.callsite.PogoMetaMethodSite$PogoCachedMethodSiteNoUnwrapNoCoerce.invoke(PogoMetaMethodSite.java:198)
	at org.codehaus.groovy.runtime.callsite.PogoMetaMethodSite.callCurrent(PogoMetaMethodSite.java:62)
	at org.codehaus.groovy.runtime.callsite.AbstractCallSite.callCurrent(AbstractCallSite.java:185)
	at io.restassured.internal.ResponseSpecificationImpl.statusCode(ResponseSpecificationImpl.groovy:135)
	at io.restassured.specification.ResponseSpecification$statusCode$0.callCurrent(Unknown Source)
	at io.restassured.internal.ResponseSpecificationImpl.statusCode(ResponseSpecificationImpl.groovy:143)
	at io.restassured.internal.ValidatableResponseOptionsImpl.statusCode(ValidatableResponseOptionsImpl.java:89)
	at ru.praktikum.resthandlers.apiclients.ResponseChecks.checkStatusCode(ResponseChecks.java:16)
	at ru.praktikum.tests.CreateOrderTests.createOrderWithoutAuthAndWithIngredientsIsFailed(CreateOrderTests.java:123)
	at java.base/jdk.internal.reflect.NativeMethodAccessorImpl.invoke0(Native Method)
	at java.base/jdk.internal.reflect.NativeMethodAccessorImpl.invoke(NativeMethodAccessorImpl.java:62)
	at java.base/jdk.internal.reflect.DelegatingMethodAccessorImpl.invoke(DelegatingMethodAccessorImpl.java:43)
	at java.base/java.lang.reflect.Method.invoke(Method.java:566)
	at org.junit.runners.model.FrameworkMethod$1.runReflectiveCall(FrameworkMethod.java:59)
	at org.junit.internal.runners.model.ReflectiveCallable.run(ReflectiveCallable.java:12)
	at org.junit.runners.model.FrameworkMethod.invokeExplosively(FrameworkMethod.java:56)
	at org.junit.internal.runners.statements.InvokeMethod.evaluate(InvokeMethod.java:17)
	at org.junit.internal.runners.statements.RunBefores.evaluate(RunBefores.java:26)
	at org.junit.internal.runners.statements.RunAfters.evaluate(RunAfters.java:27)
	at org.junit.runners.ParentRunner$3.evaluate(ParentRunner.java:306)
	at org.junit.runners.BlockJUnit4ClassRunner$1.evaluate(BlockJUnit4ClassRunner.java:100)
	at org.junit.runners.ParentRunner.runLeaf(ParentRunner.java:366)
	at org.junit.runners.BlockJUnit4ClassRunner.runChild(BlockJUnit4ClassRunner.java:103)
	at org.junit.runners.BlockJUnit4ClassRunner.runChild(BlockJUnit4ClassRunner.java:63)
	at org.junit.runners.ParentRunner$4.run(ParentRunner.java:331)
	at org.junit.runners.ParentRunner$1.schedule(ParentRunner.java:79)
	at org.junit.runners.ParentRunner.runChildren(ParentRunner.java:329)
	at org.junit.runners.ParentRunner.access$100(ParentRunner.java:66)
	at org.junit.runners.ParentRunner$2.evaluate(ParentRunner.java:293)
	at org.junit.runners.ParentRunner$3.evaluate(ParentRunner.java:306)
	at org.junit.runners.ParentRunner.run(ParentRunner.java:413)
	at org.apache.maven.surefire.junit4.JUnit4Provider.execute(JUnit4Provider.java:316)
	at org.apache.maven.surefire.junit4.JUnit4Provider.executeWithRerun(JUnit4Provider.java:240)
	at org.apache.maven.surefire.junit4.JUnit4Provider.executeTestSet(JUnit4Provider.java:214)
	at org.apache.maven.surefire.junit4.JUnit4Provider.invoke(JUnit4Provider.java:155)
	at org.apache.maven.surefire.booter.ForkedBooter.runSuitesInProcess(ForkedBooter.java:385)
	at org.apache.maven.surefire.booter.ForkedBooter.execute(ForkedBooter.java:162)
	at org.apache.maven.surefire.booter.ForkedBooter.run(ForkedBooter.java:507)
	at org.apache.maven.surefire.booter.ForkedBooter.main(ForkedBooter.java:495)
]]></failure>
    <system-out><![CDATA[Ответ от API (список ингредиентов): {"success":true,"data":[{"_id":"61c0c5a71d1f82001bdaaa6d","name":"Флюоресцентная булка R2-D3","type":"bun","proteins":44,"fat":26,"carbohydrates":85,"calories":643,"price":988,"image":"https://code.s3.yandex.net/react/code/bun-01.png","image_mobile":"https://code.s3.yandex.net/react/code/bun-01-mobile.png","image_large":"https://code.s3.yandex.net/react/code/bun-01-large.png","__v":0},{"_id":"61c0c5a71d1f82001bdaaa6f","name":"Мясо бессмертных моллюсков Protostomia","type":"main","proteins":433,"fat":244,"carbohydrates":33,"calories":420,"price":1337,"image":"https://code.s3.yandex.net/react/code/meat-02.png","image_mobile":"https://code.s3.yandex.net/react/code/meat-02-mobile.png","image_large":"https://code.s3.yandex.net/react/code/meat-02-large.png","__v":0},{"_id":"61c0c5a71d1f82001bdaaa70","name":"Говяжий метеорит (отбивная)","type":"main","proteins":800,"fat":800,"carbohydrates":300,"calories":2674,"price":3000,"image":"https://code.s3.yandex.net/react/code/meat-04.png","image_mobile":"https://code.s3.yandex.net/react/code/meat-04-mobile.png","image_large":"https://code.s3.yandex.net/react/code/meat-04-large.png","__v":0},{"_id":"61c0c5a71d1f82001bdaaa71","name":"Биокотлета из марсианской Магнолии","type":"main","proteins":420,"fat":142,"carbohydrates":242,"calories":4242,"price":424,"image":"https://code.s3.yandex.net/react/code/meat-01.png","image_mobile":"https://code.s3.yandex.net/react/code/meat-01-mobile.png","image_large":"https://code.s3.yandex.net/react/code/meat-01-large.png","__v":0},{"_id":"61c0c5a71d1f82001bdaaa72","name":"Соус Spicy-X","type":"sauce","proteins":30,"fat":20,"carbohydrates":40,"calories":30,"price":90,"image":"https://code.s3.yandex.net/react/code/sauce-02.png","image_mobile":"https://code.s3.yandex.net/react/code/sauce-02-mobile.png","image_large":"https://code.s3.yandex.net/react/code/sauce-02-large.png","__v":0},{"_id":"61c0c5a71d1f82001bdaaa6e","name":"Филе Люминесцентного тетраодонтимформа","type":"main","proteins":44,"fat":26,"carbohydrates":85,"calories":643,"price":988,"image":"https://code.s3.yandex.net/react/code/meat-03.png","image_mobile":"https://code.s3.yandex.net/react/code/meat-03-mobile.png","image_large":"https://code.s3.yandex.net/react/code/meat-03-large.png","__v":0},{"_id":"61c0c5a71d1f82001bdaaa73","name":"Соус фирменный Space Sauce","type":"sauce","proteins":50,"fat":22,"carbohydrates":11,"calories":14,"price":80,"image":"https://code.s3.yandex.net/react/code/sauce-04.png","image_mobile":"https://code.s3.yandex.net/react/code/sauce-04-mobile.png","image_large":"https://code.s3.yandex.net/react/code/sauce-04-large.png","__v":0},{"_id":"61c0c5a71d1f82001bdaaa74","name":"Соус традиционный галактический","type":"sauce","proteins":42,"fat":24,"carbohydrates":42,"calories":99,"price":15,"image":"https://code.s3.yandex.net/react/code/sauce-03.png","image_mobile":"https://code.s3.yandex.net/react/code/sauce-03-mobile.png","image_large":"https://code.s3.yandex.net/react/code/sauce-03-large.png","__v":0},{"_id":"61c0c5a71d1f82001bdaaa6c","name":"Краторная булка N-200i","type":"bun","proteins":80,"fat":24,"carbohydrates":53,"calories":420,"price":1255,"image":"https://code.s3.yandex.net/react/code/bun-02.png","image_mobile":"https://code.s3.yandex.net/react/code/bun-02-mobile.png","image_large":"https://code.s3.yandex.net/react/code/bun-02-large.png","__v":0},{"_id":"61c0c5a71d1f82001bdaaa75","name":"Соус с шипами Антарианского плоскоходца","type":"sauce","proteins":101,"fat":99,"carbohydrates":100,"calories":100,"price":88,"image":"https://code.s3.yandex.net/react/code/sauce-01.png","image_mobile":"https://code.s3.yandex.net/react/code/sauce-01-mobile.png","image_large":"https://code.s3.yandex.net/react/code/sauce-01-large.png","__v":0},{"_id":"61c0c5a71d1f82001bdaaa76","name":"Хрустящие минеральные кольца","type":"main","proteins":808,"fat":689,"carbohydrates":609,"calories":986,"price":300,"image":"https://code.s3.yandex.net/react/code/mineral_rings.png","image_mobile":"https://code.s3.yandex.net/react/code/mineral_rings-mobile.png","image_large":"https://code.s3.yandex.net/react/code/mineral_rings-large.png","__v":0},{"_id":"61c0c5a71d1f82001bdaaa77","name":"Плоды Фалленианского дерева","type":"main","proteins":20,"fat":5,"carbohydrates":55,"calories":77,"price":874,"image":"https://code.s3.yandex.net/react/code/sp_1.png","image_mobile":"https://code.s3.yandex.net/react/code/sp_1-mobile.png","image_large":"https://code.s3.yandex.net/react/code/sp_1-large.png","__v":0},{"_id":"61c0c5a71d1f82001bdaaa78","name":"Кристаллы марсианских альфа-сахаридов","type":"main","proteins":234,"fat":432,"carbohydrates":111,"calories":189,"price":762,"image":"https://code.s3.yandex.net/react/code/core.png","image_mobile":"https://code.s3.yandex.net/react/code/core-mobile.png","image_large":"https://code.s3.yandex.net/react/code/core-large.png","__v":0},{"_id":"61c0c5a71d1f82001bdaaa79","name":"Мини-салат Экзо-Плантаго","type":"main","proteins":1,"fat":2,"carbohydrates":3,"calories":6,"price":4400,"image":"https://code.s3.yandex.net/react/code/salad.png","image_mobile":"https://code.s3.yandex.net/react/code/salad-mobile.png","image_large":"https://code.s3.yandex.net/react/code/salad-large.png","__v":0},{"_id":"61c0c5a71d1f82001bdaaa7a","name":"Сыр с астероидной плесенью","type":"main","proteins":84,"fat":48,"carbohydrates":420,"calories":3377,"price":4142,"image":"https://code.s3.yandex.net/react/code/cheese.png","image_mobile":"https://code.s3.yandex.net/react/code/cheese-mobile.png","image_large":"https://code.s3.yandex.net/react/code/cheese-large.png","__v":0}]}
Полученные ингредиенты: [ru.praktikum.request.entities.Ingredient@eb09112, ru.praktikum.request.entities.Ingredient@28521ed5, ru.praktikum.request.entities.Ingredient@2b06c388, ru.praktikum.request.entities.Ingredient@4c9bed65, ru.praktikum.request.entities.Ingredient@4629dde5, ru.praktikum.request.entities.Ingredient@7e35d743, ru.praktikum.request.entities.Ingredient@63b2418e, ru.praktikum.request.entities.Ingredient@70d16858, ru.praktikum.request.entities.Ingredient@789f5552, ru.praktikum.request.entities.Ingredient@28c00acd, ru.praktikum.request.entities.Ingredient@590f806a, ru.praktikum.request.entities.Ingredient@2267b0bb, ru.praktikum.request.entities.Ingredient@20505460, ru.praktikum.request.entities.Ingredient@8eeb4c5, ru.praktikum.request.entities.Ingredient@2dc77962]
Ингредиент: 61c0c5a71d1f82001bdaaa6d, Флюоресцентная булка R2-D3
Ингредиент: 61c0c5a71d1f82001bdaaa6f, Мясо бессмертных моллюсков Protostomia
Ингредиент: 61c0c5a71d1f82001bdaaa70, Говяжий метеорит (отбивная)
Ингредиент: 61c0c5a71d1f82001bdaaa71, Биокотлета из марсианской Магнолии
Ингредиент: 61c0c5a71d1f82001bdaaa72, Соус Spicy-X
Ингредиент: 61c0c5a71d1f82001bdaaa6e, Филе Люминесцентного тетраодонтимформа
Ингредиент: 61c0c5a71d1f82001bdaaa73, Соус фирменный Space Sauce
Ингредиент: 61c0c5a71d1f82001bdaaa74, Соус традиционный галактический
Ингредиент: 61c0c5a71d1f82001bdaaa6c, Краторная булка N-200i
Ингредиент: 61c0c5a71d1f82001bdaaa75, Соус с шипами Антарианского плоскоходца
Ингредиент: 61c0c5a71d1f82001bdaaa76, Хрустящие минеральные кольца
Ингредиент: 61c0c5a71d1f82001bdaaa77, Плоды Фалленианского дерева
Ингредиент: 61c0c5a71d1f82001bdaaa78, Кристаллы марсианских альфа-сахаридов
Ингредиент: 61c0c5a71d1f82001bdaaa79, Мини-салат Экзо-Плантаго
Ингредиент: 61c0c5a71d1f82001bdaaa7a, Сыр с астероидной плесенью
]]></system-out>
  </testcase>
  <testcase name="createOrderWithAuthAndWithoutIngredientsIsSuccess" classname="ru.praktikum.tests.CreateOrderTests" time="1.259">
    <system-out><![CDATA[Ответ от API (список ингредиентов): {"success":true,"data":[{"_id":"61c0c5a71d1f82001bdaaa6d","name":"Флюоресцентная булка R2-D3","type":"bun","proteins":44,"fat":26,"carbohydrates":85,"calories":643,"price":988,"image":"https://code.s3.yandex.net/react/code/bun-01.png","image_mobile":"https://code.s3.yandex.net/react/code/bun-01-mobile.png","image_large":"https://code.s3.yandex.net/react/code/bun-01-large.png","__v":0},{"_id":"61c0c5a71d1f82001bdaaa6f","name":"Мясо бессмертных моллюсков Protostomia","type":"main","proteins":433,"fat":244,"carbohydrates":33,"calories":420,"price":1337,"image":"https://code.s3.yandex.net/react/code/meat-02.png","image_mobile":"https://code.s3.yandex.net/react/code/meat-02-mobile.png","image_large":"https://code.s3.yandex.net/react/code/meat-02-large.png","__v":0},{"_id":"61c0c5a71d1f82001bdaaa70","name":"Говяжий метеорит (отбивная)","type":"main","proteins":800,"fat":800,"carbohydrates":300,"calories":2674,"price":3000,"image":"https://code.s3.yandex.net/react/code/meat-04.png","image_mobile":"https://code.s3.yandex.net/react/code/meat-04-mobile.png","image_large":"https://code.s3.yandex.net/react/code/meat-04-large.png","__v":0},{"_id":"61c0c5a71d1f82001bdaaa71","name":"Биокотлета из марсианской Магнолии","type":"main","proteins":420,"fat":142,"carbohydrates":242,"calories":4242,"price":424,"image":"https://code.s3.yandex.net/react/code/meat-01.png","image_mobile":"https://code.s3.yandex.net/react/code/meat-01-mobile.png","image_large":"https://code.s3.yandex.net/react/code/meat-01-large.png","__v":0},{"_id":"61c0c5a71d1f82001bdaaa72","name":"Соус Spicy-X","type":"sauce","proteins":30,"fat":20,"carbohydrates":40,"calories":30,"price":90,"image":"https://code.s3.yandex.net/react/code/sauce-02.png","image_mobile":"https://code.s3.yandex.net/react/code/sauce-02-mobile.png","image_large":"https://code.s3.yandex.net/react/code/sauce-02-large.png","__v":0},{"_id":"61c0c5a71d1f82001bdaaa6e","name":"Филе Люминесцентного тетраодонтимформа","type":"main","proteins":44,"fat":26,"carbohydrates":85,"calories":643,"price":988,"image":"https://code.s3.yandex.net/react/code/meat-03.png","image_mobile":"https://code.s3.yandex.net/react/code/meat-03-mobile.png","image_large":"https://code.s3.yandex.net/react/code/meat-03-large.png","__v":0},{"_id":"61c0c5a71d1f82001bdaaa73","name":"Соус фирменный Space Sauce","type":"sauce","proteins":50,"fat":22,"carbohydrates":11,"calories":14,"price":80,"image":"https://code.s3.yandex.net/react/code/sauce-04.png","image_mobile":"https://code.s3.yandex.net/react/code/sauce-04-mobile.png","image_large":"https://code.s3.yandex.net/react/code/sauce-04-large.png","__v":0},{"_id":"61c0c5a71d1f82001bdaaa74","name":"Соус традиционный галактический","type":"sauce","proteins":42,"fat":24,"carbohydrates":42,"calories":99,"price":15,"image":"https://code.s3.yandex.net/react/code/sauce-03.png","image_mobile":"https://code.s3.yandex.net/react/code/sauce-03-mobile.png","image_large":"https://code.s3.yandex.net/react/code/sauce-03-large.png","__v":0},{"_id":"61c0c5a71d1f82001bdaaa6c","name":"Краторная булка N-200i","type":"bun","proteins":80,"fat":24,"carbohydrates":53,"calories":420,"price":1255,"image":"https://code.s3.yandex.net/react/code/bun-02.png","image_mobile":"https://code.s3.yandex.net/react/code/bun-02-mobile.png","image_large":"https://code.s3.yandex.net/react/code/bun-02-large.png","__v":0},{"_id":"61c0c5a71d1f82001bdaaa75","name":"Соус с шипами Антарианского плоскоходца","type":"sauce","proteins":101,"fat":99,"carbohydrates":100,"calories":100,"price":88,"image":"https://code.s3.yandex.net/react/code/sauce-01.png","image_mobile":"https://code.s3.yandex.net/react/code/sauce-01-mobile.png","image_large":"https://code.s3.yandex.net/react/code/sauce-01-large.png","__v":0},{"_id":"61c0c5a71d1f82001bdaaa76","name":"Хрустящие минеральные кольца","type":"main","proteins":808,"fat":689,"carbohydrates":609,"calories":986,"price":300,"image":"https://code.s3.yandex.net/react/code/mineral_rings.png","image_mobile":"https://code.s3.yandex.net/react/code/mineral_rings-mobile.png","image_large":"https://code.s3.yandex.net/react/code/mineral_rings-large.png","__v":0},{"_id":"61c0c5a71d1f82001bdaaa77","name":"Плоды Фалленианского дерева","type":"main","proteins":20,"fat":5,"carbohydrates":55,"calories":77,"price":874,"image":"https://code.s3.yandex.net/react/code/sp_1.png","image_mobile":"https://code.s3.yandex.net/react/code/sp_1-mobile.png","image_large":"https://code.s3.yandex.net/react/code/sp_1-large.png","__v":0},{"_id":"61c0c5a71d1f82001bdaaa78","name":"Кристаллы марсианских альфа-сахаридов","type":"main","proteins":234,"fat":432,"carbohydrates":111,"calories":189,"price":762,"image":"https://code.s3.yandex.net/react/code/core.png","image_mobile":"https://code.s3.yandex.net/react/code/core-mobile.png","image_large":"https://code.s3.yandex.net/react/code/core-large.png","__v":0},{"_id":"61c0c5a71d1f82001bdaaa79","name":"Мини-салат Экзо-Плантаго","type":"main","proteins":1,"fat":2,"carbohydrates":3,"calories":6,"price":4400,"image":"https://code.s3.yandex.net/react/code/salad.png","image_mobile":"https://code.s3.yandex.net/react/code/salad-mobile.png","image_large":"https://code.s3.yandex.net/react/code/salad-large.png","__v":0},{"_id":"61c0c5a71d1f82001bdaaa7a","name":"Сыр с астероидной плесенью","type":"main","proteins":84,"fat":48,"carbohydrates":420,"calories":3377,"price":4142,"image":"https://code.s3.yandex.net/react/code/cheese.png","image_mobile":"https://code.s3.yandex.net/react/code/cheese-mobile.png","image_large":"https://code.s3.yandex.net/react/code/cheese-large.png","__v":0}]}
Полученные ингредиенты: [ru.praktikum.request.entities.Ingredient@6d40a2b, ru.praktikum.request.entities.Ingredient@a7fd77f, ru.praktikum.request.entities.Ingredient@49faf815, ru.praktikum.request.entities.Ingredient@3006aef5, ru.praktikum.request.entities.Ingredient@16257f8c, ru.praktikum.request.entities.Ingredient@62158618, ru.praktikum.request.entities.Ingredient@7c31e01f, ru.praktikum.request.entities.Ingredient@7945986a, ru.praktikum.request.entities.Ingredient@442151d1, ru.praktikum.request.entities.Ingredient@aca2a0b, ru.praktikum.request.entities.Ingredient@79080255, ru.praktikum.request.entities.Ingredient@2cdb53d6, ru.praktikum.request.entities.Ingredient@62ba3045, ru.praktikum.request.entities.Ingredient@397bd46b, ru.praktikum.request.entities.Ingredient@d863bb]
Ингредиент: 61c0c5a71d1f82001bdaaa6d, Флюоресцентная булка R2-D3
Ингредиент: 61c0c5a71d1f82001bdaaa6f, Мясо бессмертных моллюсков Protostomia
Ингредиент: 61c0c5a71d1f82001bdaaa70, Говяжий метеорит (отбивная)
Ингредиент: 61c0c5a71d1f82001bdaaa71, Биокотлета из марсианской Магнолии
Ингредиент: 61c0c5a71d1f82001bdaaa72, Соус Spicy-X
Ингредиент: 61c0c5a71d1f82001bdaaa6e, Филе Люминесцентного тетраодонтимформа
Ингредиент: 61c0c5a71d1f82001bdaaa73, Соус фирменный Space Sauce
Ингредиент: 61c0c5a71d1f82001bdaaa74, Соус традиционный галактический
Ингредиент: 61c0c5a71d1f82001bdaaa6c, Краторная булка N-200i
Ингредиент: 61c0c5a71d1f82001bdaaa75, Соус с шипами Антарианского плоскоходца
Ингредиент: 61c0c5a71d1f82001bdaaa76, Хрустящие минеральные кольца
Ингредиент: 61c0c5a71d1f82001bdaaa77, Плоды Фалленианского дерева
Ингредиент: 61c0c5a71d1f82001bdaaa78, Кристаллы марсианских альфа-сахаридов
Ингредиент: 61c0c5a71d1f82001bdaaa79, Мини-салат Экзо-Плантаго
Ингредиент: 61c0c5a71d1f82001bdaaa7a, Сыр с астероидной плесенью
]]></system-out>
  </testcase>
</testsuite>