<?xml version="1.0" encoding="UTF-8"?>
<testsuite xmlns:xsi="http://www.w3.org/2001/XMLSchema-instance" xsi:noNamespaceSchemaLocation="https://maven.apache.org/surefire/maven-surefire-plugin/xsd/surefire-test-report-3.0.xsd" version="3.0" name="ru.praktikum.tests.OrderListTests" time="11.486" tests="3" errors="0" skipped="0" failures="0">
  <properties>
[...]
</properties>
  <testcase name="getOrderListAllIsSuccess" classname="ru.praktikum.tests.OrderListTests" time="3.984">
    <system-out><![CDATA[Ответ от API (список ингредиентов): {"success":true,"data":[{"_id":"61c0c5a71d1f82001bdaaa6d","name":"Флюоресцентная булка R2-D3","type":"bun","proteins":44,"fat":26,"carbohydrates":85,"calories":643,"price":988,"image":"https://code.s3.yandex.net/react/code/bun-01.png","image_mobile":"https://code.s3.yandex.net/react/code/bun-01-mobile.png","image_large":"https://code.s3.yandex.net/react/code/bun-01-large.png","__v":0},{"_id":"61c0c5a71d1f82001bdaaa6f","name":"Мясо бессмертных моллюсков Protostomia","type":"main","proteins":433,"fat":244,"carbohydrates":33,"calories":420,"price":1337,"image":"https://code.s3.yandex.net/react/code/meat-02.png","image_mobile":"https://code.s3.yandex.net/react/code/meat-02-mobile.png","image_large":"https://code.s3.yandex.net/react/code/meat-02-large.png","__v":0},{"_id":"61c0c5a71d1f82001bdaaa70","name":"Говяжий метеорит (отбивная)","type":"main","proteins":800,"fat":800,"carbohydrates":300,"calories":2674,"price":3000,"image":"https://code.s3.yandex.net/react/code/meat-04.png","image_mobile":"https://code.s3.yandex.net/react/code/meat-04-mobile.png","image_large":"https://code.s3.yandex.net/react/code/meat-04-large.png","__v":0},{"_id":"61c0c5a71d1f82001bdaaa71","name":"Биокотлета из марсианской Магнолии","type":"main","proteins":420,"fat":142,"carbohydrates":242,"calories":4242,"price":424,"image":"https://code.s3.yandex.net/react/code/meat-01.png","image_mobile":"https://code.s3.yandex.net/react/code/meat-01-mobile.png","image_large":"https://code.s3.yandex.net/react/code/meat-01-large.png","__v":0},{"_id":"61c0c5a71d1f82001bdaaa72","name":"Соус Spicy-X","type":"sauce","proteins":30,"fat":20,"carbohydrates":40,"calories":30,"price":90,"image":"https://code.s3.yandex.net/react/code/sauce-02.png","image_mobile":"https://code.s3.yandex.net/react/code/sauce-02-mobile.png","image_large":"https://code.s3.yandex.net/react/code/sauce-02-large.png","__v":0},{"_id":"61c0c5a71d1f82001bdaaa6e","name":"Филе Люминесцентного тетраодонтимформа","type":"main","proteins":44,"fat":26,"carbohydrates":85,"calories":643,"price":988,"image":"https://code.s3.yandex.net/react/code/meat-03.png","image_mobile":"https://code.s3.yandex.net/react/code/meat-03-mobile.png","image_large":"https://code.s3.yandex.net/react/code/meat-03-large.png","__v":0},{"_id":"61c0c5a71d1f82001bdaaa73","name":"Соус фирменный Space Sauce","type":"sauce","proteins":50,"fat":22,"carbohydrates":11,"calories":14,"price":80,"image":"https://code.s3.yandex.net/react/code/sauce-04.png","image_mobile":"https://code.s3.yandex.net/react/code/sauce-04-mobile.png","image_large":"https://code.s3.yandex.net/react/code/sauce-04-large.png","__v":0},{"_id":"61c0c5a71d1f82001bdaaa74","name":"Соус традиционный галактический","type":"sauce","proteins":42,"fat":24,"carbohydrates":42,"calories":99,"price":15,"image":"https://code.s3.yandex.net/react/code/sauce-03.png","image_mobile":"https://code.s3.yandex.net/react/code/sauce-03-mobile.png","image_large":"https://code.s3.yandex.net/react/code/sauce-03-large.png","__v":0},{"_id":"61c0c5a71d1f82001bdaaa6c","name":"Краторная булка N-200i","type":"bun","proteins":80,"fat":24,"carbohydrates":53,"calories":420,"price":1255,"image":"https://code.s3.yandex.net/react/code/bun-02.png","image_mobile":"https://code.s3.yandex.net/react/code/bun-02-mobile.png","image_large":"https://code.s3.yandex.net/react/code/bun-02-large.png","__v":0},{"_id":"61c0c5a71d1f82001bdaaa75","name":"Соус с шипами Антарианского плоскоходца","type":"sauce","proteins":101,"fat":99,"carbohydrates":100,"calories":100,"price":88,"image":"https://code.s3.yandex.net/react/code/sauce-01.png","image_mobile":"https://code.s3.yandex.net/react/code/sauce-01-mobile.png","image_large":"https://code.s3.yandex.net/react/code/sauce-01-large.png","__v":0},{"_id":"61c0c5a71d1f82001bdaaa76","name":"Хрустящие минеральные кольца","type":"main","proteins":808,"fat":689,"carbohydrates":609,"calories":986,"price":300,"image":"https://code.s3.yandex.net/react/code/mineral_rings.png","image_mobile":"https://code.s3.yandex.net/react/code/mineral_rings-mobile.png","image_large":"https://code.s3.yandex.net/react/code/mineral_rings-large.png","__v":0},{"_id":"61c0c5a71d1f82001bdaaa77","name":"Плоды Фалленианского дерева","type":"main","proteins":20,"fat":5,"carbohydrates":55,"calories":77,"price":874,"image":"https://code.s3.yandex.net/react/code/sp_1.png","image_mobile":"https://code.s3.yandex.net/react/code/sp_1-mobile.png","image_large":"https://code.s3.yandex.net/react/code/sp_1-large.png","__v":0},{"_id":"61c0c5a71d1f82001bdaaa78","name":"Кристаллы марсианских альфа-сахаридов","type":"main","proteins":234,"fat":432,"carbohydrates":111,"calories":189,"price":762,"image":"https://code.s3.yandex.net/react/code/core.png","image_mobile":"https://code.s3.yandex.net/react/code/core-mobile.png","image_large":"https://code.s3.yandex.net/react/code/core-large.png","__v":0},{"_id":"61c0c5a71d1f82001bdaaa79","name":"Мини-салат Экзо-Плантаго","type":"main","proteins":1,"fat":2,"carbohydrates":3,"calories":6,"price":4400,"image":"https://code.s3.yandex.net/react/code/salad.png","image_mobile":"https://code.s3.yandex.net/react/code/salad-mobile.png","image_large":"https://code.s3.yandex.net/react/code/salad-large.png","__v":0},{"_id":"61c0c5a71d1f82001bdaaa7a","name":"Сыр с астероидной плесенью","type":"main","proteins":84,"fat":48,"carbohydrates":420,"calories":3377,"price":4142,"image":"https://code.s3.yandex.net/react/code/cheese.png","image_mobile":"https://code.s3.yandex.net/react/code/cheese-mobile.png","image_large":"https://code.s3.yandex.net/react/code/cheese-large.png","__v":0}]}
Полученные ингредиенты: [ru.praktikum.request.entities.Ingredient@4d145177, ru.praktikum.request.entities.Ingredient@1f57fa23, ru.praktikum.request.entities.Ingredient@4e9d203e, ru.praktikum.request.entities.Ingredient@39f7cc46, ru.praktikum.request.entities.Ingredient@5687ade6, ru.praktikum.request.entities.Ingredient@7621c3f7, ru.praktikum.request.entities.Ingredient@519a81dd, ru.praktikum.request.entities.Ingredient@5608e254, ru.praktikum.request.entities.Ingredient@3d8b9dee, ru.praktikum.request.entities.Ingredient@45cddfd3, ru.praktikum.request.entities.Ingredient@40dc2ade, ru.praktikum.request.entities.Ingredient@51d76ad3, ru.praktikum.request.entities.Ingredient@30d2f9ea, ru.praktikum.request.entities.Ingredient@1bca9b64, ru.praktikum.request.entities.Ingredient@3a61d819]
Ингредиент: 61c0c5a71d1f82001bdaaa6d, Флюоресцентная булка R2-D3
Ингредиент: 61c0c5a71d1f82001bdaaa6f, Мясо бессмертных моллюсков Protostomia
Ингредиент: 61c0c5a71d1f82001bdaaa70, Говяжий метеорит (отбивная)
Ингредиент: 61c0c5a71d1f82001bdaaa71, Биокотлета из марсианской Магнолии
Ингредиент: 61c0c5a71d1f82001bdaaa72, Соус Spicy-X
Ингредиент: 61c0c5a71d1f82001bdaaa6e, Филе Люминесцентного тетраодонтимформа
Ингредиент: 61c0c5a71d1f82001bdaaa73, Соус фирменный Space Sauce
Ингредиент: 61c0c5a71d1f82001bdaaa74, Соус традиционный галактический
Ингредиент: 61c0c5a71d1f82001bdaaa6c, Краторная булка N-200i
Ингредиент: 61c0c5a71d1f82001bdaaa75, Соус с шипами Антарианского плоскоходца
Ингредиент: 61c0c5a71d1f82001bdaaa76, Хрустящие минеральные кольца
Ингредиент: 61c0c5a71d1f82001bdaaa77, Плоды Фалленианского дерева
Ингредиент: 61c0c5a71d1f82001bdaaa78, Кристаллы марсианских альфа-сахаридов
Ингредиент: 61c0c5a71d1f82001bdaaa79, Мини-салат Экзо-Плантаго
Ингредиент: 61c0c5a71d1f82001bdaaa7a, Сыр с астероидной плесенью
]]></system-out>
  </testcase>
  <testcase name="getOrderListWithoutAuthIsFailed" classname="ru.praktikum.tests.OrderListTests" time="3.628">
    <system-out><![CDATA[Ответ от API (список ингредиентов): {"success":true,"data":[{"_id":"61c0c5a71d1f82001bdaaa6d","name":"Флюоресцентная булка R2-D3","type":"bun","proteins":44,"fat":26,"carbohydrates":85,"calories":643,"price":988,"image":"https://code.s3.yandex.net/react/code/bun-01.png","image_mobile":"https://code.s3.yandex.net/react/code/bun-01-mobile.png","image_large":"https://code.s3.yandex.net/react/code/bun-01-large.png","__v":0},{"_id":"61c0c5a71d1f82001bdaaa6f","name":"Мясо бессмертных моллюсков Protostomia","type":"main","proteins":433,"fat":244,"carbohydrates":33,"calories":420,"price":1337,"image":"https://code.s3.yandex.net/react/code/meat-02.png","image_mobile":"https://code.s3.yandex.net/react/code/meat-02-mobile.png","image_large":"https://code.s3.yandex.net/react/code/meat-02-large.png","__v":0},{"_id":"61c0c5a71d1f82001bdaaa70","name":"Говяжий метеорит (отбивная)","type":"main","proteins":800,"fat":800,"carbohydrates":300,"calories":2674,"price":3000,"image":"https://code.s3.yandex.net/react/code/meat-04.png","image_mobile":"https://code.s3.yandex.net/react/code/meat-04-mobile.png","image_large":"https://code.s3.yandex.net/react/code/meat-04-large.png","__v":0},{"_id":"61c0c5a71d1f82001bdaaa71","name":"Биокотлета из марсианской Магнолии","type":"main","proteins":420,"fat":142,"carbohydrates":242,"calories":4242,"price":424,"image":"https://code.s3.yandex.net/react/code/meat-01.png","image_mobile":"https://code.s3.yandex.net/react/code/meat-01-mobile.png","image_large":"https://code.s3.yandex.net/react/code/meat-01-large.png","__v":0},{"_id":"61c0c5a71d1f82001bdaaa72","name":"Соус Spicy-X","type":"sauce","proteins":30,"fat":20,"carbohydrates":40,"calories":30,"price":90,"image":"https://code.s3.yandex.net/react/code/sauce-02.png","image_mobile":"https://code.s3.yandex.net/react/code/sauce-02-mobile.png","image_large":"https://code.s3.yandex.net/react/code/sauce-02-large.png","__v":0},{"_id":"61c0c5a71d1f82001bdaaa6e","name":"Филе Люминесцентного тетраодонтимформа","type":"main","proteins":44,"fat":26,"carbohydrates":85,"calories":643,"price":988,"image":"https://code.s3.yandex.net/react/code/meat-03.png","image_mobile":"https://code.s3.yandex.net/react/code/meat-03-mobile.png","image_large":"https://code.s3.yandex.net/react/code/meat-03-large.png","__v":0},{"_id":"61c0c5a71d1f82001bdaaa73","name":"Соус фирменный Space Sauce","type":"sauce","proteins":50,"fat":22,"carbohydrates":11,"calories":14,"price":80,"image":"https://code.s3.yandex.net/react/code/sauce-04.png","image_mobile":"https://code.s3.yandex.net/react/code/sauce-04-mobile.png","image_large":"https://code.s3.yandex.net/react/code/sauce-04-large.png","__v":0},{"_id":"61c0c5a71d1f82001bdaaa74","name":"Соус традиционный галактический","type":"sauce","proteins":42,"fat":24,"carbohydrates":42,"calories":99,"price":15,"image":"https://code.s3.yandex.net/react/code/sauce-03.png","image_mobile":"https://code.s3.yandex.net/react/code/sauce-03-mobile.png","image_large":"https://code.s3.yandex.net/react/code/sauce-03-large.png","__v":0},{"_id":"61c0c5a71d1f82001bdaaa6c","name":"Краторная булка N-200i","type":"bun","proteins":80,"fat":24,"carbohydrates":53,"calories":420,"price":1255,"image":"https://code.s3.yandex.net/react/code/bun-02.png","image_mobile":"https://code.s3.yandex.net/react/code/bun-02-mobile.png","image_large":"https://code.s3.yandex.net/react/code/bun-02-large.png","__v":0},{"_id":"61c0c5a71d1f82001bdaaa75","name":"Соус с шипами Антарианского плоскоходца","type":"sauce","proteins":101,"fat":99,"carbohydrates":100,"calories":100,"price":88,"image":"https://code.s3.yandex.net/react/code/sauce-01.png","image_mobile":"https://code.s3.yandex.net/react/code/sauce-01-mobile.png","image_large":"https://code.s3.yandex.net/react/code/sauce-01-large.png","__v":0},{"_id":"61c0c5a71d1f82001bdaaa76","name":"Хрустящие минеральные кольца","type":"main","proteins":808,"fat":689,"carbohydrates":609,"calories":986,"price":300,"image":"https://code.s3.yandex.net/react/code/mineral_rings.png","image_mobile":"https://code.s3.yandex.net/react/code/mineral_rings-mobile.png","image_large":"https://code.s3.yandex.net/react/code/mineral_rings-large.png","__v":0},{"_id":"61c0c5a71d1f82001bdaaa77","name":"Плоды Фалленианского дерева","type":"main","proteins":20,"fat":5,"carbohydrates":55,"calories":77,"price":874,"image":"https://code.s3.yandex.net/react/code/sp_1.png","image_mobile":"https://code.s3.yandex.net/react/code/sp_1-mobile.png","image_large":"https://code.s3.yandex.net/react/code/sp_1-large.png","__v":0},{"_id":"61c0c5a71d1f82001bdaaa78","name":"Кристаллы марсианских альфа-сахаридов","type":"main","proteins":234,"fat":432,"carbohydrates":111,"calories":189,"price":762,"image":"https://code.s3.yandex.net/react/code/core.png","image_mobile":"https://code.s3.yandex.net/react/code/core-mobile.png","image_large":"https://code.s3.yandex.net/react/code/core-large.png","__v":0},{"_id":"61c0c5a71d1f82001bdaaa79","name":"Мини-салат Экзо-Плантаго","type":"main","proteins":1,"fat":2,"carbohydrates":3,"calories":6,"price":4400,"image":"https://code.s3.yandex.net/react/code/salad.png","image_mobile":"https://code.s3.yandex.net/react/code/salad-mobile.png","image_large":"https://code.s3.yandex.net/react/code/salad-large.png","__v":0},{"_id":"61c0c5a71d1f82001bdaaa7a","name":"Сыр с астероидной плесенью","type":"main","proteins":84,"fat":48,"carbohydrates":420,"calories":3377,"price":4142,"image":"https://code.s3.yandex.net/react/code/cheese.png","image_mobile":"https://code.s3.yandex.net/react/code/cheese-mobile.png","image_large":"https://code.s3.yandex.net/react/code/cheese-large.png","__v":0}]}
Полученные ингредиенты: [ru.praktikum.request.entities.Ingredient@52a9db63, ru.praktikum.request.entities.Ingredient@402d76c7, ru.praktikum.request.entities.Ingredient@27adb90f, ru.praktikum.request.entities.Ingredient@1fd77205, ru.praktikum.request.entities.Ingredient@3b9c05f, ru.praktikum.request.entities.Ingredient@288915a1, ru.praktikum.request.entities.Ingredient@62a6a47e, ru.praktikum.request.entities.Ingredient@4645a575, ru.praktikum.request.entities.Ingredient@b332eda, ru.praktikum.request.entities.Ingredient@6bf70600, ru.praktikum.request.entities.Ingredient@3ca5da54, ru.praktikum.request.entities.Ingredient@57a0aeb8, ru.praktikum.request.entities.Ingredient@45f70f68, ru.praktikum.request.entities.Ingredient@16e3d6d0, ru.praktikum.request.entities.Ingredient@406d922]
Ингредиент: 61c0c5a71d1f82001bdaaa6d, Флюоресцентная булка R2-D3
Ингредиент: 61c0c5a71d1f82001bdaaa6f, Мясо бессмертных моллюсков Protostomia
Ингредиент: 61c0c5a71d1f82001bdaaa70, Говяжий метеорит (отбивная)
Ингредиент: 61c0c5a71d1f82001bdaaa71, Биокотлета из марсианской Магнолии
Ингредиент: 61c0c5a71d1f82001bdaaa72, Соус Spicy-X
Ингредиент: 61c0c5a71d1f82001bdaaa6e, Филе Люминесцентного тетраодонтимформа
Ингредиент: 61c0c5a71d1f82001bdaaa73, Соус фирменный Space Sauce
Ингредиент: 61c0c5a71d1f82001bdaaa74, Соус традиционный галактический
Ингредиент: 61c0c5a71d1f82001bdaaa6c, Краторная булка N-200i
Ингредиент: 61c0c5a71d1f82001bdaaa75, Соус с шипами Антарианского плоскоходца
Ингредиент: 61c0c5a71d1f82001bdaaa76, Хрустящие минеральные кольца
Ингредиент: 61c0c5a71d1f82001bdaaa77, Плоды Фалленианского дерева
Ингредиент: 61c0c5a71d1f82001bdaaa78, Кристаллы марсианских альфа-сахаридов
Ингредиент: 61c0c5a71d1f82001bdaaa79, Мини-салат Экзо-Плантаго
Ингредиент: 61c0c5a71d1f82001bdaaa7a, Сыр с астероидной плесенью
]]></system-out>
  </testcase>
  <testcase name="getOrderListWithAuthIsSuccess" classname="ru.praktikum.tests.OrderListTests" time="3.872">
    <system-out><![CDATA[Ответ от API (список ингредиентов): {"success":true,"data":[{"_id":"61c0c5a71d1f82001bdaaa6d","name":"Флюоресцентная булка R2-D3","type":"bun","proteins":44,"fat":26,"carbohydrates":85,"calories":643,"price":988,"image":"https://code.s3.yandex.net/react/code/bun-01.png","image_mobile":"https://code.s3.yandex.net/react/code/bun-01-mobile.png","image_large":"https://code.s3.yandex.net/react/code/bun-01-large.png","__v":0},{"_id":"61c0c5a71d1f82001bdaaa6f","name":"Мясо бессмертных моллюсков Protostomia","type":"main","proteins":433,"fat":244,"carbohydrates":33,"calories":420,"price":1337,"image":"https://code.s3.yandex.net/react/code/meat-02.png","image_mobile":"https://code.s3.yandex.net/react/code/meat-02-mobile.png","image_large":"https://code.s3.yandex.net/react/code/meat-02-large.png","__v":0},{"_id":"61c0c5a71d1f82001bdaaa70","name":"Говяжий метеорит (отбивная)","type":"main","proteins":800,"fat":800,"carbohydrates":300,"calories":2674,"price":3000,"image":"https://code.s3.yandex.net/react/code/meat-04.png","image_mobile":"https://code.s3.yandex.net/react/code/meat-04-mobile.png","image_large":"https://code.s3.yandex.net/react/code/meat-04-large.png","__v":0},{"_id":"61c0c5a71d1f82001bdaaa71","name":"Биокотлета из марсианской Магнолии","type":"main","proteins":420,"fat":142,"carbohydrates":242,"calories":4242,"price":424,"image":"https://code.s3.yandex.net/react/code/meat-01.png","image_mobile":"https://code.s3.yandex.net/react/code/meat-01-mobile.png","image_large":"https://code.s3.yandex.net/react/code/meat-01-large.png","__v":0},{"_id":"61c0c5a71d1f82001bdaaa72","name":"Соус Spicy-X","type":"sauce","proteins":30,"fat":20,"carbohydrates":40,"calories":30,"price":90,"image":"https://code.s3.yandex.net/react/code/sauce-02.png","image_mobile":"https://code.s3.yandex.net/react/code/sauce-02-mobile.png","image_large":"https://code.s3.yandex.net/react/code/sauce-02-large.png","__v":0},{"_id":"61c0c5a71d1f82001bdaaa6e","name":"Филе Люминесцентного тетраодонтимформа","type":"main","proteins":44,"fat":26,"carbohydrates":85,"calories":643,"price":988,"image":"https://code.s3.yandex.net/react/code/meat-03.png","image_mobile":"https://code.s3.yandex.net/react/code/meat-03-mobile.png","image_large":"https://code.s3.yandex.net/react/code/meat-03-large.png","__v":0},{"_id":"61c0c5a71d1f82001bdaaa73","name":"Соус фирменный Space Sauce","type":"sauce","proteins":50,"fat":22,"carbohydrates":11,"calories":14,"price":80,"image":"https://code.s3.yandex.net/react/code/sauce-04.png","image_mobile":"https://code.s3.yandex.net/react/code/sauce-04-mobile.png","image_large":"https://code.s3.yandex.net/react/code/sauce-04-large.png","__v":0},{"_id":"61c0c5a71d1f82001bdaaa74","name":"Соус традиционный галактический","type":"sauce","proteins":42,"fat":24,"carbohydrates":42,"calories":99,"price":15,"image":"https://code.s3.yandex.net/react/code/sauce-03.png","image_mobile":"https://code.s3.yandex.net/react/code/sauce-03-mobile.png","image_large":"https://code.s3.yandex.net/react/code/sauce-03-large.png","__v":0},{"_id":"61c0c5a71d1f82001bdaaa6c","name":"Краторная булка N-200i","type":"bun","proteins":80,"fat":24,"carbohydrates":53,"calories":420,"price":1255,"image":"https://code.s3.yandex.net/react/code/bun-02.png","image_mobile":"https://code.s3.yandex.net/react/code/bun-02-mobile.png","image_large":"https://code.s3.yandex.net/react/code/bun-02-large.png","__v":0},{"_id":"61c0c5a71d1f82001bdaaa75","name":"Соус с шипами Антарианского плоскоходца","type":"sauce","proteins":101,"fat":99,"carbohydrates":100,"calories":100,"price":88,"image":"https://code.s3.yandex.net/react/code/sauce-01.png","image_mobile":"https://code.s3.yandex.net/react/code/sauce-01-mobile.png","image_large":"https://code.s3.yandex.net/react/code/sauce-01-large.png","__v":0},{"_id":"61c0c5a71d1f82001bdaaa76","name":"Хрустящие минеральные кольца","type":"main","proteins":808,"fat":689,"carbohydrates":609,"calories":986,"price":300,"image":"https://code.s3.yandex.net/react/code/mineral_rings.png","image_mobile":"https://code.s3.yandex.net/react/code/mineral_rings-mobile.png","image_large":"https://code.s3.yandex.net/react/code/mineral_rings-large.png","__v":0},{"_id":"61c0c5a71d1f82001bdaaa77","name":"Плоды Фалленианского дерева","type":"main","proteins":20,"fat":5,"carbohydrates":55,"calories":77,"price":874,"image":"https://code.s3.yandex.net/react/code/sp_1.png","image_mobile":"https://code.s3.yandex.net/react/code/sp_1-mobile.png","image_large":"https://code.s3.yandex.net/react/code/sp_1-large.png","__v":0},{"_id":"61c0c5a71d1f82001bdaaa78","name":"Кристаллы марсианских альфа-сахаридов","type":"main","proteins":234,"fat":432,"carbohydrates":111,"calories":189,"price":762,"image":"https://code.s3.yandex.net/react/code/core.png","image_mobile":"https://code.s3.yandex.net/react/code/core-mobile.png","image_large":"https://code.s3.yandex.net/react/code/core-large.png","__v":0},{"_id":"61c0c5a71d1f82001bdaaa79","name":"Мини-салат Экзо-Плантаго","type":"main","proteins":1,"fat":2,"carbohydrates":3,"calories":6,"price":4400,"image":"https://code.s3.yandex.net/react/code/salad.png","image_mobile":"https://code.s3.yandex.net/react/code/salad-mobile.png","image_large":"https://code.s3.yandex.net/react/code/salad-large.png","__v":0},{"_id":"61c0c5a71d1f82001bdaaa7a","name":"Сыр с астероидной плесенью","type":"main","proteins":84,"fat":48,"carbohydrates":420,"calories":3377,"price":4142,"image":"https://code.s3.yandex.net/react/code/cheese.png","image_mobile":"https://code.s3.yandex.net/react/code/cheese-mobile.png","image_large":"https://code.s3.yandex.net/react/code/cheese-large.png","__v":0}]}
Полученные ингредиенты: [ru.praktikum.request.entities.Ingredient@1c80f8dd, ru.praktikum.request.entities.Ingredient@51b2b3e6, ru.praktikum.request.entities.Ingredient@20e7152a, ru.praktikum.request.entities.Ingredient@202fd4c4, ru.praktikum.request.entities.Ingredient@3b72860c, ru.praktikum.request.entities.Ingredient@7f1b2f07, ru.praktikum.request.entities.Ingredient@674d2b8b, ru.praktikum.request.entities.Ingredient@399a5a52, ru.praktikum.request.entities.Ingredient@1677f98b, ru.praktikum.request.entities.Ingredient@30b29f55, ru.praktikum.request.entities.Ingredient@3eadfbbb, ru.praktikum.request.entities.Ingredient@550e7ef6, ru.praktikum.request.entities.Ingredient@7c9c7e7d, ru.praktikum.request.entities.Ingredient@58701e8c, ru.praktikum.request.entities.Ingredient@951461a]
Ингредиент: 61c0c5a71d1f82001bdaaa6d, Флюоресцентная булка R2-D3
Ингредиент: 61c0c5a71d1f82001bdaaa6f, Мясо бессмертных моллюсков Protostomia
Ингредиент: 61c0c5a71d1f82001bdaaa70, Говяжий метеорит (отбивная)
Ингредиент: 61c0c5a71d1f82001bdaaa71, Биокотлета из марсианской Магнолии
Ингредиент: 61c0c5a71d1f82001bdaaa72, Соус Spicy-X
Ингредиент: 61c0c5a71d1f82001bdaaa6e, Филе Люминесцентного тетраодонтимформа
Ингредиент: 61c0c5a71d1f82001bdaaa73, Соус фирменный Space Sauce
Ингредиент: 61c0c5a71d1f82001bdaaa74, Соус традиционный галактический
Ингредиент: 61c0c5a71d1f82001bdaaa6c, Краторная булка N-200i
Ингредиент: 61c0c5a71d1f82001bdaaa75, Соус с шипами Антарианского плоскоходца
Ингредиент: 61c0c5a71d1f82001bdaaa76, Хрустящие минеральные кольца
Ингредиент: 61c0c5a71d1f82001bdaaa77, Плоды Фалленианского дерева
Ингредиент: 61c0c5a71d1f82001bdaaa78, Кристаллы марсианских альфа-сахаридов
Ингредиент: 61c0c5a71d1f82001bdaaa79, Мини-салат Экзо-Плантаго
Ингредиент: 61c0c5a71d1f82001bdaaa7a, Сыр с астероидной плесенью
]]></system-out>
  </testcase>
</testsuite>